==18627== Memcheck, a memory error detector
==18627== Copyright (C) 2002-2011, and GNU GPL'd, by Julian Seward et al.
==18627== Using Valgrind-3.7.0 and LibVEX; rerun with -h for copyright info
==18627== Command: RunCollatz.c++.app
==18627== 
524400 811060 1
974772 882127 1
904295 950249 1
289406 361170 1
500687 603308 1
372609 185648 1
168238 101729 1
372234 405977 1
776298 51802 1
598642 160556 1
933463 941807 1
170014 137842 1
275042 27216 1
690737 192746 1
835504 20550 1
64885 359903 1
347961 556008 1
758381 768608 1
506256 47786 1
646129 523294 1
167446 535090 1
708941 852035 1
636818 597527 1
258012 413115 1
165680 373005 1
90023 99142 1
314811 776388 1
753335 589852 1
803603 444071 1
298949 639106 1
464620 363833 1
515360 328933 1
919840 273740 1
97540 942447 1
837878 260020 1
465740 5323 1
795109 691033 1
373709 431926 1
288559 631720 1
361393 454238 1
4724 451415 1
69731 835886 1
227802 823065 1
425737 547756 1
267135 241037 1
186861 248106 1
604869 218572 1
577038 41060 1
8663 190929 1
983506 846540 1
967301 965598 1
368214 762409 1
656630 741923 1
710687 461540 1
889994 588431 1
915777 894718 1
556197 985507 1
246955 300350 1
324923 672692 1
848105 592057 1
913728 551317 1
840162 34949 1
769888 933552 1
76008 778550 1
640832 575866 1
625090 608132 1
541463 509655 1
886893 198092 1
251577 113931 1
175983 141571 1
702361 91759 1
552640 258557 1
593617 799594 1
558906 434891 1
988637 923362 1
26947 418717 1
474678 383460 1
970017 244565 1
833363 46024 1
539466 474195 1
138241 164555 1
598678 679703 1
674210 1922 1
394146 442138 1
115852 570128 1
100060 334564 1
178238 169051 1
109472 288206 1
484997 184729 1
723096 989985 1
108090 266394 1
408701 582767 1
649854 378717 1
343683 999568 1
941093 883149 1
473762 595685 1
564055 588792 1
275388 754616 1
590713 185885 1
196754 222917 1
272365 813165 1
73832 966954 1
498568 183304 1
771512 983564 1
884384 10959 1
973548 992474 1
277353 898601 1
91592 443558 1
793669 951627 1
443125 251113 1
834775 433239 1
846798 398829 1
22030 638537 1
669797 129094 1
824421 382902 1
868362 613137 1
196066 942194 1
96443 694633 1
641849 867954 1
194548 526232 1
878912 684448 1
35057 156264 1
99400 643001 1
599821 893068 1
594627 559298 1
660533 429401 1
992536 507330 1
344581 530917 1
145866 14377 1
660010 486638 1
397278 44724 1
616127 109696 1
503269 712569 1
320680 145117 1
580522 515228 1
187700 459433 1
716027 739109 1
132049 815426 1
382109 248221 1
708493 976735 1
807518 369025 1
922487 316405 1
392706 783419 1
847321 54923 1
314148 23683 1
541561 227777 1
68406 674039 1
337472 571674 1
386607 658152 1
233142 483480 1
689731 937193 1
942912 405757 1
676301 591312 1
221182 574761 1
355885 446026 1
67847 163402 1
331403 990333 1
996159 724108 1
290104 843479 1
779031 604251 1
867161 836943 1
832027 935566 1
510981 685851 1
23591 413939 1
860354 256732 1
897418 550084 1
193925 356681 1
472192 386577 1
947993 693373 1
961338 303877 1
655750 29184 1
983630 987152 1
535869 979788 1
711260 342324 1
339619 6642 1
946574 206779 1
359936 294952 1
658697 387268 1
980802 682287 1
801206 841155 1
939019 214975 1
907590 649295 1
571655 379781 1
552223 35999 1
73153 29912 1
339875 245255 1
59096 839857 1
232406 111316 1
335996 460017 1
453639 675614 1
983010 916564 1
882393 342945 1
211515 541089 1
730212 708669 1
223375 47769 1
549823 678745 1
262743 457413 1
844391 834398 1
353545 396614 1
870396 943050 1
426525 726623 1
188304 1972 1
82831 420709 1
629639 418826 1
880726 599629 1
94440 863735 1
516192 493184 1
723032 727707 1
550624 969595 1
952727 290350 1
17364 502549 1
485447 796458 1
476313 329837 1
630855 829858 1
242802 17603 1
772907 185679 1
260577 961210 1
704002 343407 1
898270 849993 1
278584 295347 1
449621 373023 1
675434 965813 1
382558 398465 1
209871 933181 1
368059 162597 1
739883 901774 1
181497 225329 1
698232 657810 1
71517 845438 1
4019 830671 1
379392 293277 1
16349 639968 1
770838 236702 1
983374 669107 1
86694 261958 1
964454 536315 1
151332 156239 1
18479 50242 1
71055 228349 1
499774 955465 1
907297 239656 1
857239 88793 1
464984 71822 1
262954 52853 1
917259 266972 1
883523 296651 1
560248 416223 1
936618 331085 1
652924 436344 1
516544 255970 1
214653 997349 1
308636 882336 1
153587 327114 1
448929 224641 1
71814 948703 1
180105 979110 1
188358 553695 1
584254 169694 1
625516 847208 1
222546 542775 1
630531 622420 1
355777 190779 1
38642 808746 1
38215 207917 1
761441 554758 1
463886 492445 1
552106 288873 1
374781 705692 1
615986 340061 1
446684 204151 1
288763 143141 1
699612 993473 1
696835 283866 1
679518 322351 1
647425 418415 1
381477 277955 1
40834 253605 1
985085 79475 1
62350 23300 1
803743 340143 1
578057 783981 1
832587 646515 1
72853 723719 1
868558 205191 1
63780 315242 1
925693 352542 1
974734 625305 1
862366 671568 1
425522 541883 1
510270 72946 1
960297 891746 1
350900 1130 1
661702 335985 1
596956 724052 1
875636 400699 1
64194 970044 1
701031 413132 1
616558 773883 1
136851 1468 1
495425 200630 1
316709 421118 1
69523 807794 1
562774 931889 1
479361 988295 1
473771 989631 1
61240 434068 1
397728 928491 1
951549 59430 1
780827 548505 1
299833 656462 1
465555 880378 1
626506 166585 1
293509 759415 1
456819 946711 1
760882 468596 1
663692 593942 1
406065 249567 1
401735 968838 1
181455 881096 1
957132 171577 1
387078 18371 1
121996 301157 1
463213 589897 1
360586 244040 1
138401 176770 1
416853 120307 1
57147 43358 1
803243 867008 1
319125 776413 1
813718 596358 1
245008 993762 1
190300 651072 1
243328 108386 1
619909 941134 1
989481 93392 1
629062 892910 1
628114 751058 1
194067 91327 1
340954 71004 1
335366 995706 1
247774 752218 1
632364 821272 1
311928 435606 1
688279 147404 1
212018 18349 1
743761 973378 1
12110 934060 1
624449 771789 1
42446 760710 1
712922 548278 1
854101 341983 1
957540 998567 1
609392 667958 1
89893 466697 1
738961 941610 1
978754 503086 1
210179 611117 1
324358 38458 1
563074 528988 1
185861 291444 1
63688 445974 1
264821 592149 1
380033 889269 1
363937 938830 1
166330 593210 1
3460 536783 1
451545 477351 1
535349 60936 1
145308 625241 1
43985 400620 1
83202 539090 1
420058 293380 1
666559 744415 1
331838 229632 1
789754 34050 1
521075 853442 1
480023 785895 1
445590 376408 1
191516 809527 1
831589 874197 1
919088 351400 1
410979 370632 1
828750 946327 1
947920 490409 1
87919 991904 1
891029 171120 1
47345 827438 1
464500 713903 1
571852 312689 1
943535 877957 1
346738 980961 1
731398 343113 1
283208 176988 1
719520 474723 1
502866 67460 1
348919 421953 1
418860 276250 1
308937 763961 1
222576 256856 1
254370 826847 1
765111 661750 1
997966 812455 1
489187 978817 1
526358 577390 1
807857 986244 1
455346 670947 1
483556 186744 1
14059 766763 1
880083 249930 1
757837 899300 1
317389 106756 1
837604 736248 1
383005 146540 1
500209 121932 1
919747 270930 1
948778 684857 1
932679 463096 1
13664 938217 1
958264 540021 1
515606 766121 1
42616 970951 1
437067 526171 1
674046 451125 1
809286 70480 1
701054 567122 1
486131 534794 1
190229 840087 1
271042 89585 1
502978 287602 1
211517 422725 1
558531 676646 1
623933 7561 1
656093 637596 1
945777 614357 1
693968 977734 1
380477 736583 1
948684 817543 1
779106 139082 1
785019 104743 1
725913 2424 1
671864 212044 1
537217 862093 1
568482 324610 1
951677 71459 1
128563 679545 1
494183 203445 1
872543 634468 1
211005 528635 1
272063 673133 1
142991 966031 1
650866 39819 1
218965 115902 1
373713 514422 1
254983 158731 1
619164 497247 1
677506 807380 1
225642 731075 1
669472 794123 1
55684 137500 1
865582 184247 1
817045 876116 1
904043 205939 1
510583 115048 1
734573 298998 1
304532 393916 1
781380 955398 1
433734 344 1
71299 323799 1
31118 842633 1
998881 166633 1
856231 676387 1
974012 81873 1
407461 159835 1
875995 463144 1
297335 257928 1
163742 630731 1
650396 67785 1
836669 677330 1
699184 87593 1
976327 3715 1
481508 757706 1
959112 431594 1
274402 546762 1
755392 821871 1
905746 754272 1
988503 761977 1
947010 478867 1
843849 354470 1
638701 236195 1
333966 936035 1
10475 14059 1
83117 660870 1
598195 919785 1
338199 297378 1
523730 830878 1
817445 521589 1
104935 292908 1
953182 895688 1
356022 224925 1
717558 261767 1
495549 222413 1
540095 442558 1
701279 900295 1
313380 339979 1
136490 163697 1
792366 146964 1
177755 391834 1
324185 775950 1
311619 178735 1
589679 351700 1
525964 923475 1
873288 630899 1
216383 342822 1
42938 572404 1
567746 760496 1
350522 579646 1
499260 890617 1
538556 716890 1
790911 368287 1
573220 443752 1
531983 365585 1
107067 709737 1
757419 431251 1
2038 585389 1
126338 108069 1
453440 652301 1
31543 326727 1
283199 764277 1
669548 842489 1
853032 753646 1
602984 203554 1
849643 618595 1
610522 388198 1
335484 401432 1
756484 908703 1
845184 804818 1
790640 468602 1
30907 64410 1
899853 32944 1
166150 542542 1
657364 619589 1
194842 205259 1
462667 994393 1
969535 132215 1
836881 822567 1
402212 956216 1
542472 768206 1
574810 152993 1
156404 426645 1
554424 429239 1
851699 915959 1
750409 642338 1
384561 781315 1
223099 800765 1
330610 905600 1
343306 987974 1
525188 54499 1
193232 987855 1
48891 679118 1
636421 885771 1
18036 554984 1
841986 560507 1
323189 933147 1
713499 995944 1
876143 784275 1
941535 727842 1
216585 691943 1
886531 117497 1
473257 109630 1
918261 803866 1
15229 777918 1
791839 56769 1
832417 501422 1
560975 881307 1
696892 197395 1
283430 714927 1
268730 641767 1
275434 591918 1
91266 505284 1
104214 967408 1
805910 45748 1
695249 538847 1
737690 581780 1
656343 210946 1
207761 90956 1
531163 739341 1
385225 323002 1
796109 217641 1
340775 357083 1
615300 37666 1
70829 898729 1
752593 339558 1
56847 544378 1
447828 148112 1
566013 552041 1
115520 888275 1
597788 327120 1
427121 335477 1
908899 599815 1
62774 633011 1
690770 593936 1
372352 75995 1
433289 168460 1
809987 774064 1
41895 425286 1
328081 112723 1
840366 597025 1
968633 897213 1
657754 932812 1
561676 223767 1
484852 193547 1
628393 598991 1
520667 55513 1
450819 945917 1
171679 513592 1
578928 378801 1
623879 951279 1
971147 57168 1
636090 781133 1
347583 194336 1
722771 192015 1
823411 563136 1
789040 792043 1
976700 446793 1
724854 54728 1
186911 726057 1
248274 815303 1
325047 768940 1
387167 775865 1
714857 558846 1
805808 810136 1
937646 946038 1
277766 425144 1
3205 430207 1
206276 867139 1
624543 929046 1
575506 447953 1
8534 364545 1
756347 501585 1
327689 997552 1
556312 514600 1
723608 320938 1
846254 565006 1
89877 233421 1
857222 321085 1
308618 663029 1
647572 762615 1
125418 925337 1
187758 644975 1
355544 910385 1
512113 496438 1
839431 87618 1
944390 364316 1
968514 700736 1
865900 296203 1
214639 938564 1
327154 938246 1
259501 173407 1
19603 865729 1
923179 876824 1
703166 231796 1
56204 350737 1
510762 181621 1
792426 698519 1
826595 147969 1
608904 855060 1
160758 964686 1
459029 105147 1
845353 427543 1
322234 227604 1
240097 536872 1
166167 567250 1
991469 942019 1
257008 11071 1
807748 180187 1
404246 27265 1
928334 460449 1
378001 955448 1
158421 170426 1
653966 501368 1
834746 779221 1
356427 995503 1
260258 815455 1
617001 105610 1
759349 939234 1
849566 515797 1
992457 532084 1
83046 500277 1
474103 856406 1
511347 798202 1
552944 431944 1
825466 481277 1
892392 203466 1
953076 567165 1
890244 607042 1
68532 724989 1
902614 424958 1
236844 679224 1
756764 853844 1
301185 32465 1
309430 150750 1
548261 301886 1
682834 147659 1
802163 673288 1
4064 829861 1
471489 557007 1
261805 813306 1
554635 670548 1
16771 507711 1
237712 423366 1
631104 306243 1
664707 50069 1
247552 901550 1
729292 520668 1
755393 546829 1
553132 64822 1
697578 101392 1
883060 380411 1
249050 201574 1
53698 769465 1
547786 41538 1
326471 325942 1
854843 397458 1
996490 387966 1
905168 750553 1
811331 52623 1
573148 476037 1
102691 337051 1
893938 348335 1
857718 649331 1
895163 410849 1
230504 109092 1
28593 113563 1
5855 277642 1
831488 575904 1
47107 379274 1
617442 889929 1
705215 988636 1
287386 218056 1
376601 708905 1
968609 704284 1
761527 58108 1
696672 380570 1
395158 590610 1
245256 252876 1
239940 656770 1
180076 986795 1
765861 208668 1
616710 771715 1
2662 448197 1
347619 566120 1
343822 965060 1
972400 49037 1
953695 776138 1
783444 846648 1
485042 752052 1
550931 762921 1
326511 763954 1
659842 721669 1
354563 905097 1
490896 110854 1
561866 670971 1
97649 327726 1
395991 714358 1
99441 915004 1
678906 963411 1
997475 22728 1
928470 969874 1
588116 398516 1
746011 371559 1
245163 747405 1
639963 312445 1
510325 966473 1
592751 170166 1
204493 947313 1
591614 695388 1
574519 669831 1
882711 188519 1
997556 278701 1
419228 613348 1
710056 98133 1
576758 707530 1
637212 21579 1
677403 225327 1
420095 939766 1
113238 181609 1
687170 269552 1
10406 713846 1
236024 603156 1
400363 956869 1
66820 991976 1
652256 157690 1
661806 534966 1
346208 175713 1
330018 281787 1
305413 40073 1
896272 882170 1
263954 533483 1
420101 941357 1
275162 356547 1
397474 904751 1
54507 600995 1
174302 581264 1
314840 926677 1
700771 715202 1
883545 767591 1
223529 535801 1
441632 401686 1
587118 304192 1
93750 433488 1
585978 399162 1
473560 482249 1
797684 737514 1
532084 734136 1
195222 323597 1
90682 109047 1
228347 145188 1
710041 402648 1
726452 24880 1
845676 427222 1
256433 729221 1
711164 996313 1
781373 669148 1
914350 884842 1
973339 8099 1
318329 559316 1
923613 308241 1
557917 237648 1
562106 606352 1
971783 273679 1
929948 578816 1
382725 158294 1
724003 92765 1
77293 966806 1
633996 439320 1
910380 890428 1
168540 137895 1
886740 466264 1
807042 317441 1
351106 780380 1
325539 669434 1
856048 765503 1
977674 930316 1
3150 56131 1
536667 974932 1
329809 466614 1
553747 712533 1
141259 794102 1
805297 734903 1
277259 439292 1
690574 187638 1
846071 859114 1
841885 249162 1
325377 648926 1
566602 192834 1
945658 408493 1
378620 318057 1
173995 872645 1
248372 693497 1
928776 785038 1
668428 258584 1
768003 738527 1
971117 425613 1
48980 292765 1
676867 842590 1
248409 367440 1
546580 610831 1
226553 388464 1
859993 68282 1
553741 942946 1
777467 499398 1
351438 156086 1
817454 41785 1
28731 65825 1
735281 957506 1
367214 920060 1
216089 135216 1
174938 703557 1
77180 223917 1
512674 754046 1
66507 761082 1
121486 129438 1
371912 864390 1
517901 748256 1
449023 71641 1
691202 226490 1
571039 558991 1
382575 904844 1
600775 927657 1
487021 336055 1
885162 854234 1
256115 617603 1
505802 431052 1
837511 582981 1
171321 350184 1
337027 754179 1
627617 974864 1
883616 515881 1
839253 401516 1
780488 804628 1
989508 471689 1
31117 76898 1
547032 930043 1
981742 147806 1
857700 468762 1
483861 259213 1
839347 256327 1
393167 345148 1
203730 230678 1
928129 375050 1
97213 781507 1
129228 241182 1
272722 529195 1
273414 111974 1
930710 53901 1
432953 436570 1
41942 464069 1
513467 588973 1
910464 11560 1
736778 284515 1
480321 736990 1
60079 836020 1
509668 453246 1
181167 713398 1
200275 625647 1
88447 297487 1
407153 734027 1
55020 679874 1
263221 328433 1
308200 710283 1
382334 741152 1
146852 940627 1
721573 176670 1
529599 148388 1
188230 782728 1
949254 184902 1
36070 9332 1
20921 545737 1
978929 718440 1
259134 179203 1
344086 347581 1
993042 267591 1
597959 48061 1
463816 861179 1
376494 772015 1
571461 275179 1
29519 234664 1
215805 267443 1
411334 261755 1
932182 115915 1
44482 881435 1
300816 80551 1
890766 838089 1
626288 869695 1
556528 401773 1
565249 900613 1
265705 558290 1
168203 863663 1
122703 632019 1
724842 15548 1
920385 812654 1
290726 466255 1
563670 22882 1
733697 975003 1
284636 665878 1
90917 329117 1
63664 908084 1
926020 954430 1
746172 68659 1
340476 302699 1
470431 422076 1
719664 736136 1
980366 887866 1
116150 619420 1
36236 840991 1
634967 472973 1
169997 925692 1
939227 733666 1
948573 189276 1
225020 749560 1
371505 832288 1
78676 435169 1
740371 521047 1
905950 2895 1
589705 762777 1
305593 60136 1
184852 541608 1
312623 681569 1
429474 428772 1
300988 982061 1
786115 935954 1
455033 956111 1
377997 394260 1
206128 842921 1
583535 431147 1
592480 955039 1
779786 187508 1
906559 520156 1
708554 812508 1
39402 298259 1
==18627== 
==18627== HEAP SUMMARY:
==18627==     in use at exit: 122,880 bytes in 6 blocks
==18627==   total heap usage: 6 allocs, 0 frees, 122,880 bytes allocated
==18627== 
==18627== LEAK SUMMARY:
==18627==    definitely lost: 0 bytes in 0 blocks
==18627==    indirectly lost: 0 bytes in 0 blocks
==18627==      possibly lost: 0 bytes in 0 blocks
==18627==    still reachable: 122,880 bytes in 6 blocks
==18627==         suppressed: 0 bytes in 0 blocks
==18627== Rerun with --leak-check=full to see details of leaked memory
==18627== 
==18627== For counts of detected and suppressed errors, rerun with: -v
==18627== ERROR SUMMARY: 0 errors from 0 contexts (suppressed: 17 from 6)
